Fetching metadata for 1201 games
Re-fetching metadata for Star Wars Galaxies.
Steam score: undefined.
Re-fetching metadata for Titan Quest.
Steam score: undefined.
Re-fetching metadata for Galcon Fusion.
Steam score: undefined.
Re-fetching metadata for Eufloria.
Steam score: undefined.
Re-fetching metadata for Spacebase DF-9 Prototype.
Steam score: undefined.
Re-fetching metadata for Carmageddon: Reincarnation.
Steam score: undefined.
Re-fetching metadata for Galcon Legends.
Steam score: undefined.
Re-fetching metadata for Starbound - Unstable.
Steam score: undefined.
Re-fetching metadata for Cloud Knights.
Steam score: undefined.
Re-fetching metadata for Magicka 2: Spell Balance Beta.
Steam score: undefined.
Re-fetching metadata for System Shock: Classic.
Steam score: undefined.
Re-fetching metadata for Domina.
Steam score: undefined.
Fetched metadata, writing to file
Done. Returning metadata to client
